<?xml version="1.0" encoding="UTF-8"?>
<!-- Generated by org.testng.reporters.JUnitReportReporter -->
<testsuite hostname="PUNL6576A" name="com.test.CNHi.testcases.Firefoxtest" tests="1" failures="1" timestamp="29 May 2018 18:04:55 GMT" time="0.345" errors="0">
  <testcase name="launch" time="0.345" classname="com.test.CNHi.testcases.Firefoxtest">
    <failure type="java.lang.NoSuchMethodError" message="com.google.common.base.Preconditions.checkArgument(ZLjava/lang/String;Ljava/lang/Object;Ljava/lang/Object;Ljava/lang/Object;)V">
      <![CDATA[java.lang.NoSuchMethodError: com.google.common.base.Preconditions.checkArgument(ZLjava/lang/String;Ljava/lang/Object;Ljava/lang/Object;Ljava/lang/Object;)V
	at org.openqa.selenium.firefox.Preferences.checkPreference(Preferences.java:225)
	at org.openqa.selenium.firefox.Preferences.setPreference(Preferences.java:155)
	at org.openqa.selenium.firefox.Preferences.setPreference(Preferences.java:126)
	at org.openqa.selenium.firefox.Preferences.readDefaultPreferences(Preferences.java:105)
	at org.openqa.selenium.firefox.Preferences.<init>(Preferences.java:66)
	at org.openqa.selenium.firefox.FirefoxProfile.<init>(FirefoxProfile.java:81)
	at org.openqa.selenium.firefox.FirefoxProfile.<init>(FirefoxProfile.java:71)
	at org.openqa.selenium.firefox.FirefoxProfile.<init>(FirefoxProfile.java:60)
	at com.test.CNHi.testcases.Firefoxtest.launch(Firefoxtest.java:29)
	at sun.reflect.NativeMethodAccessorImpl.invoke0(Native Method)
	at sun.reflect.NativeMethodAccessorImpl.invoke(Unknown Source)
	at sun.reflect.DelegatingMethodAccessorImpl.invoke(Unknown Source)
	at java.lang.reflect.Method.invoke(Unknown Source)
	at org.testng.internal.MethodInvocationHelper.invokeMethod(MethodInvocationHelper.java:84)
	at org.testng.internal.Invoker.invokeMethod(Invoker.java:714)
	at org.testng.internal.Invoker.invokeTestMethod(Invoker.java:901)
	at org.testng.internal.Invoker.invokeTestMethods(Invoker.java:1231)
	at org.testng.internal.TestMethodWorker.invokeTestMethods(TestMethodWorker.java:127)
	at org.testng.internal.TestMethodWorker.run(TestMethodWorker.java:111)
	at org.testng.TestRunner.privateRun(TestRunner.java:767)
	at org.testng.TestRunner.run(TestRunner.java:617)
	at org.testng.SuiteRunner.runTest(SuiteRunner.java:334)
	at org.testng.SuiteRunner.runSequentially(SuiteRunner.java:329)
	at org.testng.SuiteRunner.privateRun(SuiteRunner.java:291)
	at org.testng.SuiteRunner.run(SuiteRunner.java:240)
	at org.testng.SuiteRunnerWorker.runSuite(SuiteRunnerWorker.java:52)
	at org.testng.SuiteRunnerWorker.run(SuiteRunnerWorker.java:86)
	at org.testng.TestNG.runSuitesSequentially(TestNG.java:1224)
	at org.testng.TestNG.runSuitesLocally(TestNG.java:1149)
	at org.testng.TestNG.run(TestNG.java:1057)
	at org.testng.remote.RemoteTestNG.run(RemoteTestNG.java:111)
	at org.testng.remote.RemoteTestNG.initAndRun(RemoteTestNG.java:204)
	at org.testng.remote.RemoteTestNG.main(RemoteTestNG.java:175)
]]>
    </failure>
  </testcase> <!-- launch -->
</testsuite> <!-- com.test.CNHi.testcases.Firefoxtest -->
