<?xml version="1.0" encoding="UTF-8"?>
<!-- Generated by org.testng.reporters.JUnitReportReporter -->
<testsuite hostname="DIN17000748" name="com.htap.fw_core.TestD" tests="1" failures="0" timestamp="20 Jul 2018 12:25:20 GMT" time="0.009" errors="0">
  <testcase name="asaS" time="0.009" classname="com.htap.fw_core.TestD"/>
</testsuite> <!-- com.htap.fw_core.TestD -->
